build/outputs/logs/manifest-merger-debug-report.txt
-- Merging decision tree log ---
manifest
ADDED from src/main/AndroidManifest.xml:2:1-57:12
	package
		ADDED from src/main/AndroidManifest.xml:3:5-43
		INJECTED from src/main/AndroidManifest.xml
		INJECTED from src/main/AndroidManifest.xml
	android:versionName
		INJECTED from src/main/AndroidManifest.xml
		INJECTED from src/main/AndroidManifest.xml
	xmlns:android
		ADDED from src/main/AndroidManifest.xml:2:11-69
	android:versionCode
		INJECTED from src/main/AndroidManifest.xml
		INJECTED from src/main/AndroidManifest.xml
uses-permission#android.permission.INTERNET
ADDED from src/main/AndroidManifest.xml:5:5-67
	android:name
		ADDED from src/main/AndroidManifest.xml:5:22-64
application
ADDED from src/main/AndroidManifest.xml:7:5-55:19
MERGED from [com.android.support:appcompat-v7:23.0.0] AndroidManifest.xml:22:5-20
MERGED from [com.android.support:support-v4:23.0.0] AndroidManifest.xml:22:5-20
	android:label
		ADDED from src/main/AndroidManifest.xml:10:9-41
	android:allowBackup
		ADDED from src/main/AndroidManifest.xml:8:9-35
	android:icon
		ADDED from src/main/AndroidManifest.xml:9:9-43
	android:theme
		ADDED from src/main/AndroidManifest.xml:11:9-40
activity#com.myscript.atk.sltw.sample.MainActivity
ADDED from src/main/AndroidManifest.xml:12:9-15:24
	android:screenOrientation
		ADDED from src/main/AndroidManifest.xml:14:13-50
	android:configChanges
		ADDED from src/main/AndroidManifest.xml:13:13-48
	android:name
		ADDED from src/main/AndroidManifest.xml:12:19-47
activity#com.myscript.atk.sltw.sample.Splashscreen
ADDED from src/main/AndroidManifest.xml:18:9-27:20
	android:screenOrientation
		ADDED from src/main/AndroidManifest.xml:21:13-50
	android:label
		ADDED from src/main/AndroidManifest.xml:22:13-45
	android:configChanges
		ADDED from src/main/AndroidManifest.xml:20:13-48
	android:name
		ADDED from src/main/AndroidManifest.xml:19:13-41
intent-filter#android.intent.action.MAIN+android.intent.category.LAUNCHER
ADDED from src/main/AndroidManifest.xml:23:13-26:29
action#android.intent.action.MAIN
ADDED from src/main/AndroidManifest.xml:24:17-69
	android:name
		ADDED from src/main/AndroidManifest.xml:24:25-66
category#android.intent.category.LAUNCHER
ADDED from src/main/AndroidManifest.xml:25:17-77
	android:name
		ADDED from src/main/AndroidManifest.xml:25:27-74
activity#com.myscript.atk.sltw.sample.Page1
ADDED from src/main/AndroidManifest.xml:29:9-32:24
	android:screenOrientation
		ADDED from src/main/AndroidManifest.xml:31:13-50
	android:configChanges
		ADDED from src/main/AndroidManifest.xml:30:13-48
	android:name
		ADDED from src/main/AndroidManifest.xml:29:19-40
activity#com.myscript.atk.sltw.sample.Page3
ADDED from src/main/AndroidManifest.xml:33:9-36:20
	android:screenOrientation
		ADDED from src/main/AndroidManifest.xml:35:13-50
	android:configChanges
		ADDED from src/main/AndroidManifest.xml:34:13-48
	android:name
		ADDED from src/main/AndroidManifest.xml:33:19-40
activity#com.myscript.atk.sltw.sample.Page4
ADDED from src/main/AndroidManifest.xml:37:9-40:20
	android:screenOrientation
		ADDED from src/main/AndroidManifest.xml:39:13-50
	android:configChanges
		ADDED from src/main/AndroidManifest.xml:38:13-48
	android:name
		ADDED from src/main/AndroidManifest.xml:37:19-40
activity#com.myscript.atk.sltw.sample.Page5
ADDED from src/main/AndroidManifest.xml:42:9-45:20
	android:screenOrientation
		ADDED from src/main/AndroidManifest.xml:44:13-50
	android:configChanges
		ADDED from src/main/AndroidManifest.xml:43:13-48
	android:name
		ADDED from src/main/AndroidManifest.xml:42:19-40
activity#com.myscript.atk.sltw.sample.Page6
ADDED from src/main/AndroidManifest.xml:46:9-49:20
	android:screenOrientation
		ADDED from src/main/AndroidManifest.xml:48:13-50
	android:configChanges
		ADDED from src/main/AndroidManifest.xml:47:13-48
	android:name
		ADDED from src/main/AndroidManifest.xml:46:19-40
activity#com.myscript.atk.sltw.sample.Page7
ADDED from src/main/AndroidManifest.xml:50:9-53:20
	android:screenOrientation
		ADDED from src/main/AndroidManifest.xml:52:13-50
	android:configChanges
		ADDED from src/main/AndroidManifest.xml:51:13-48
	android:name
		ADDED from src/main/AndroidManifest.xml:50:19-40
uses-sdk
INJECTED from src/main/AndroidManifest.xml reason: use-sdk injection requested
MERGED from [com.android.support:appcompat-v7:23.0.0] AndroidManifest.xml:20:5-43
MERGED from [com.android.support:support-v4:23.0.0] AndroidManifest.xml:20:5-43
MERGED from [samples:myscript-certificate:unspecified] AndroidManifest.xml:7:5-9:41
MERGED from [:MyScript_ATK-Core-android-component:] AndroidManifest.xml:7:5-9:41
MERGED from [:MyScript_ATK-Text-android-component:] AndroidManifest.xml:7:5-9:41
MERGED from [:MyScript_ATK-IMCommon-android-component:] AndroidManifest.xml:7:5-9:41
MERGED from [:MyScript_ATK-SingleLineWidget-android-widget:] AndroidManifest.xml:7:5-9:41
	android:targetSdkVersion
		INJECTED from src/main/AndroidManifest.xml
		INJECTED from src/main/AndroidManifest.xml
	android:minSdkVersion
		INJECTED from src/main/AndroidManifest.xml
		INJECTED from src/main/AndroidManifest.xml
uses-permission#android.permission.WRITE_EXTERNAL_STORAGE
ADDED from [:MyScript_ATK-Core-android-component:] AndroidManifest.xml:11:5-81
	android:name
		ADDED from [:MyScript_ATK-Core-android-component:] AndroidManifest.xml:11:22-78
android:uses-permission#android.permission.READ_EXTERNAL_STORAGE
IMPLIED from src/main/AndroidManifest.xml:2:1-57:12 reason: com.myscript.atk.core requested WRITE_EXTERNAL_STORAGE